y V q j a L z L Q r W
y U V 7 V j l L z L 4 l r W
y V Z j a L z s z L l 4 r W
y V 7 Z V j Y L z s z L 4 l r W
y V 7 U V j l L z L 4 Q r W
y V q j D L z s z L 4 Q r W
y V U j D L z L V r W
y V 7 q V j a L z s z L V r W
y U V j l 1 W
y V 7 V Z j a 7 W
y Z V 7 V j D L z s z L Q 4 r W
y q V j a o 9 W
y V 7 V q j Y L z L Q 4 r W
y U V j l L z s z L l 4 r W
y V q j l L z L Q r W
y V U 7 V j D L z s z L l r W
y V q 7 V j D L z L V r W
y U V j Y L z L l 4 r W
y Z V j l L z L 4 Q r W
y U V 7 V j D L z s z L V 4 r W
y V U j a L z L l 4 r W
y U V 7 V j l L z L V r W
y U V 7 V j D L z L 4 l r W
y U V 7 V j D 1 W
y V 7 q V j Y o 9 W
y V 7 V U j Y 1 W
y V Z 7 V j a L z L Q 4 r W
y V 7 Z V j l 1 W
y V 7 V Z j Y L z s z L Q 4 r W
y Z V j l L z s z L 4 Q r W
y V 7 V q j l L z s z L V 4 r W
y q V 7 V j a L z s z L V 4 r W
y V q 7 V j Y L z L V r W
y V q j Y L z L Q r W
y V 7 q V j D L z s z L Q r W
y V q j D L z s z L V 4 r W
y V 7 U V j Y L z s z L 4 V r W
y V 7 V q j l L z s z L 4 Q r W
y U V 7 V j D L z s z L 4 Q r W
y V 7 q V j Y L z s z L Q r W
y Z V j l L z L Q r W
y U V 7 V j a L z L 4 V r W
y V Z 7 V j Y L z s z L 4 l r W
y V q j D L z L 4 V r W
y Z V j Y L z L Q r W
y V Z 7 V j Y L z L l 4 r W
y V q j D L z s z L Q 4 r W
y V q 7 V j a L z L V r W
y V Z 7 V j D L z s z L V r W
y q V 7 V j a L z s z L 4 Q r W
y V q j D L z L Q r W
y V Z 7 V j l L z L l 4 r W
y V 7 V q j D L z s z L l 4 r W
y Z V j l L z s z L V 4 r W
y V U 7 V j Y L z s z L l r W
y V 7 V Z j a L z s z L Q r W
y Z V j a L z L Q r W
y V q 7 V j D L z s z L l 4 r W
y U V 7 V j D L z s z L Q r W
y Z V 7 V j D L z s z L V 4 r W
y Z V 7 V j D L z s z L 4 Q r W
y V 7 Z V j Y o 9 W
y q V j l L z s z L l r W
y Z V 7 V j a L z s z L Q r W
y Z V j l L z L V 4 r W
y Z V j D L z s z L l r W
y U V 7 V j a 1 W
y V 7 V Z j Y L z s z L V 4 r W
y V 7 V q j a 1 W
y Z V j Y L z s z L l r W
y Z V j l L z L Q 4 r W
y V 7 Z V j l L z L l 4 r W
y V 7 q V j Y 7 W
y V 7 V U j Y L z s z L l 4 r W
y Z V j a o 9 W
y V 7 q V j D L z s z L l 4 r W
y q V j D o 9 W
y V 7 V Z j Y L z s z L 4 Q r W
y V U j l L z L 4 Q r W
y U V j a o 9 W
y U V 7 V j Y o 9 W
y V q j l 1 W
y q V j D L z s z L Q 4 r W
y V q 7 V j Y L z L 4 l r W
y U V 7 V j l o 9 W
y V 7 V Z j D 7 W
y V U j l o 9 W
y q V 7 V j a o 9 W
y V U j D L z s z L 4 V r W
y V U j l L z L V 4 r W
y V 7 V U j D L z L Q r W
y V 7 V Z j l L z s z L V r W
y V 7 V U j D L z s z L Q r W
y V q j a L z s z L 4 l r W
y V 7 V q j a L z L 4 V r W
y V 7 U V j l L z L V 4 r W
y Z V j a L z L l 4 r W
y q V 7 V j a L z s z L Q 4 r W
y U V j a L z s z L l r W
y V Z 7 V j l L z s z L l 4 r W
y V q 7 V j l L z L V r W
y Z V j Y L z s z L 4 V r W
y V U j Y L z s z L V 4 r W
y V U j Y L z s z L 4 Q r W
y Z V 7 V j D L z L 4 V r W
y V 7 V U j D L z s z L 4 l r W
y Z V 7 V j l L z s z L V r W
y U V 7 V j D L z s z L Q 4 r W
y V 7 U V j a L z L l 4 r W
y V 7 U V j D L z s z L V r W
y q V j D L z s z L 4 l r W
y V 7 V q j D L z L V 4 r W
y V 7 q V j D L z L V r W
y Z V j D L z L Q 4 r W
y V q 7 V j l L z s z L 4 l r W
y V Z 7 V j D 1 W
y Z V 7 V j a L z s z L 4 l r W
y V 7 Z V j a L z L Q 4 r W
y V Z 7 V j a 1 W
y V U j l L z s z L Q r W
y Z V j a L z s z L 4 V r W
y U V 7 V j Y L z s z L Q r W
y V 7 q V j l L z s z L Q 4 r W
y V q 7 V j D L z L 4 l r W
y V 7 V q j D L z L 4 l r W
y q V j D L z L l r W
y q V j D L z s z L V 4 r W
y V 7 Z V j l L z s z L V r W
y U V 7 V j Y L z L 4 l r W
y q V 7 V j D L z s z L Q r W
y V U 7 V j D L z s z L l 4 r W
y q V j D 7 W
y V U j D 7 W
y V Z 7 V j Y L z s z L V r W
y V q 7 V j l L z s z L 4 Q r W
y q V j D L z s z L 4 Q r W
y V q j a L z L 4 l r W
y U V 7 V j l L z s z L 4 V r W
y V 7 q V j Y L z L V r W
y V q 7 V j l o 9 W
y V 7 V q j l o 9 W
y V 7 V q j D 1 W
y V 7 U V j D 1 W
y Z V 7 V j Y L z L 4 V r W
y V 7 Z V j a L z s z L V 4 r W
y V 7 U V j D L z L Q 4 r W
y V q 7 V j D 1 W
y V U j Y L z s z L Q 4 r W
y U V 7 V j D L z L V r W
y U V j l L z L l 4 r W
y V 7 Z V j a L z s z L 4 Q r W
y U V j D L z L l 4 r W
y q V 7 V j Y L z L Q r W
y V 7 V Z j l o 9 W
y V q 7 V j l L z s z L V 4 r W
y U V j a L z L 4 l r W
y Z V j D L z s z L l 4 r W
y V 7 V U j l L z L l r W
y q V 7 V j l L z s z L l 4 r W
y V Z 7 V j a L z s z L Q 4 r W
y V 7 U V j a L z L Q r W
y V 7 V U j a L z L Q 4 r W
y V Z j Y L z s z L l r W
y V 7 U V j D L z s z L l 4 r W
y V U j a L z L V r W
y V q j Y L z s z L V r W
y V 7 q V j a L z L V r W
y V q j l L z s z L 4 V r W
y V 7 V U j l L z L Q r W
y Z V j Y 1 W
y Z V 7 V j l L z L 4 V r W
y U V j a L z s z L 4 l r W
y V 7 Z V j a L z s z L 4 l r W
y V 7 V q j Y L z s z L V r W
y V 7 V q j Y L z L V 4 r W
y V U j l L z s z L l r W
y U V j D L z s z L Q 4 r W
y V U 7 V j l L z L V 4 r W
y V U j Y L z L V r W
y V 7 V q j a L z s z L 4 V r W
y U V j a L z s z L V 4 r W
y V 7 V q j Y L z L 4 Q r W
y Z V 7 V j l L z L l r W
y V 7 V Z j a L z L V r W
y V 7 U V j Y L z L Q r W
y V U 7 V j l L z s z L 4 l r W
y U V j D o 9 W
y U V j a L z s z L 4 Q r W
y V U 7 V j l L z L 4 Q r W
y q V 7 V j a L z L Q r W
y V 7 V q j l L z L V 4 r W
y V U 7 V j a L z s z L 4 V r W
y V Z 7 V j D L z L l 4 r W
y U V 7 V j Y L z L 4 Q r W
y V Z j a o 9 W
y q V 7 V j Y L z s z L V 4 r W
y V 7 q V j Y L z L 4 V r W
y V q 7 V j a L z s z L 4 V r W
y V U 7 V j a L z L l 4 r W
y V 7 V q j Y L z L 4 l r W
y U V 7 V j Y L z L V 4 r W
y V 7 U V j a 7 W
y V Z 7 V j a L z L V 4 r W
y V Z 7 V j a L z L 4 Q r W
y V 7 V Z j a L z s z L Q 4 r W
y V 7 V q j l L z L 4 l r W
y V 7 V q j l L z L 4 Q r W
y q V 7 V j Y L z s z L 4 l r W
y q V 7 V j Y 1 W
y V Z j l L z L l 4 r W
y V q j D L z s z L V r W
y V Z 7 V j a L z L 4 l r W
y V 7 U V j Y L z s z L V r W
y V Z j D L z s z L l r W
y V 7 V Z j Y L z L V r W
y V 7 q V j D L z s z L 4 V r W
y V 7 U V j l L z s z L l r W
y V Z 7 V j D L z L l r W
y V q 7 V j Y L z s z L l r W
y V 7 V q j D L z s z L V r W
y V U 7 V j a L z s z L V r W
y V U j l L z s z L 4 l r W
y V 7 V Z j Y L z s z L 4 l r W
y V q j l L z L l r W
y V Z 7 V j a 7 W
y V 7 V q j l L z s z L 4 l r W
y V Z 7 V j a L z s z L l r W
y U V 7 V j l L z s z L l r W
y Z V j a L z s z L l 4 r W
y q V j D L z L l 4 r W
y V q 7 V j Y L z s z L 4 V r W
y V q j l L z s z L Q r W
y V q 7 V j Y L z L Q 4 r W
y U V 7 V j D L z s z L 4 l r W
y V 7 V U j D L z s z L Q 4 r W
y V 7 U V j l 7 W
y V U 7 V j D o 9 W
y V U j a L z s z L V 4 r W
y V Z 7 V j D L z s z L Q 4 r W
y V Z 7 V j D 7 W
y V q j Y L z s z L 4 l r W
y V U j D 1 W
y V 7 Z V j D L z s z L 4 Q r W
y V 7 Z V j Y L z s z L Q 4 r W
y V U 7 V j l L z s z L 4 Q r W
y U V 7 V j l L z L 4 Q r W
y V U 7 V j a L z L Q r W
y V 7 q V j Y L z s z L 4 V r W
y V q 7 V j D 7 W
y V q j D L z s z L 4 l r W
y V U j a 1 W
y V U 7 V j Y L z L V 4 r W
y V Z j l L z s z L V 4 r W
y U V 7 V j D L z L V 4 r W
y V q 7 V j D L z s z L 4 V r W
y q V 7 V j D L z L 4 l r W
y q V j l L z s z L Q r W
y V 7 q V j D L z L 4 V r W
y V q j D L z L l 4 r W
y V Z j a L z L Q 4 r W
y q V j l L z L l r W
y V U 7 V j D L z L 4 Q r W
y U V j a L z L V 4 r W
y V 7 V Z j a L z L l 4 r W
y Z V 7 V j Y L z L l 4 r W
y V 7 U V j Y L z L Q 4 r W
y V q j l L z L l 4 r W
y V U j Y L z s z L 4 l r W
y U V j Y L z L 4 V r W
y V 7 U V j l L z s z L Q 4 r W
y V Z j l 1 W
y V 7 V Z j l L z L 4 Q r W
y V 7 V U j l L z L l 4 r W
y V 7 V U j D L z s z L 4 Q r W
y V Z 7 V j D L z s z L V 4 r W
y V Z j D L z L l 4 r W
y V U 7 V j Y L z L Q r W
y q V 7 V j l L z L 4 l r W
y U V 7 V j a L z s z L Q 4 r W
y V q 7 V j Y L z L 4 Q r W
y V U j D L z L Q 4 r W
y q V 7 V j a L z L 4 Q r W
y V U 7 V j a o 9 W
y V q j a L z s z L Q 4 r W
y V 7 U V j l L z L 4 l r W
y q V j D L z s z L V r W
y V 7 q V j a L z L l 4 r W
y V Z 7 V j a L z s z L V 4 r W
y q V j Y L z s z L V r W
y V Z 7 V j Y L z s z L Q 4 r W
y U V 7 V j l L z L Q 4 r W
y V q 7 V j l L z s z L V r W
y Z V 7 V j a 7 W
y V 7 Z V j Y L z s z L 4 Q r W
y V U j Y L z L 4 Q r W
y V Z 7 V j D L z L 4 V r W
y Z V 7 V j Y 1 W
y V Z 7 V j D o 9 W
y V U 7 V j a 1 W
y U V j l L z s z L 4 V r W
y V 7 V q j a L z s z L l 4 r W
y q V j a L z L V 4 r W
y q V j Y L z s z L l 4 r W
y V 7 q V j l L z s z L l r W
y Z V 7 V j l L z s z L l 4 r W
y V 7 V U j Y L z L l r W
y V 7 U V j l L z s z L V 4 r W
y U V 7 V j a L z s z L 4 l r W
y V 7 Z V j D L z L l 4 r W
y V 7 V q j l L z s z L l r W
y q V 7 V j D L z s z L Q 4 r W
y Z V j D L z L l r W
y V Z j a L z L V 4 r W
y V 7 U V j Y L z L V 4 r W
y Z V 7 V j a L z s z L l r W
y V 7 V Z j a L z s z L 4 Q r W
y V U 7 V j Y L z s z L 4 Q r W
y V Z 7 V j Y o 9 W
y Z V 7 V j Y L z L l r W
y V U j D L z L V 4 r W
y Z V 7 V j l L z s z L 4 V r W
y V 7 V U j a L z L l r W
y V U j Y o 9 W
y Z V j D L z L Q r W
y V 7 Z V j a L z s z L l r W
y V 7 V Z j D L z L 4 Q r W
y U V j a L z L Q 4 r W
y V 7 V U j Y L z L Q r W
y Z V 7 V j a L z L l r W
y V q 7 V j a L z s z L Q r W
y U V 7 V j a L z s z L V r W
y V U j Y L z s z L V r W
y q V j a L z L l r W
y q V j Y L z L l r W
y V 7 V q j l L z L Q 4 r W
y V 7 q V j l 1 W
y U V 7 V j D 7 W
y q V 7 V j Y L z L Q 4 r W
y V 7 Z V j a L z s z L Q r W
y V U j l L z L Q 4 r W
y Z V 7 V j D 7 W
y U V j l L z s z L Q r W
y Z V j Y L z L 4 Q r W
y V U 7 V j D 1 W
y V 7 V q j D L z L Q 4 r W
y U V j Y L z s z L V 4 r W
y U V 7 V j Y L z L V r W
y q V j Y L z L Q r W
y U V 7 V j D L z L Q 4 r W
y V q 7 V j Y L z s z L V 4 r W
y V 7 V Z j Y L z L V 4 r W
y V 7 Z V j a L z L V 4 r W
y V 7 U V j D L z L 4 l r W
y Z V j D L z L V 4 r W
y V U j D L z s z L V r W
y V 7 V U j D L z L l 4 r W
y U V 7 V j Y L z s z L 4 l r W
y V q j Y L z L l r W
y V Z j a 1 W
y q V j l L z L l 4 r W
y V Z 7 V j Y L z s z L V 4 r W
y q V 7 V j Y L z s z L Q 4 r W
y V 7 q V j D L z L Q 4 r W
y V 7 q V j l L z s z L 4 Q r W
y V 7 V Z j a L z s z L 4 l r W
y U V 7 V j a L z L V r W
y q V j a L z s z L l 4 r W
y V 7 q V j Y 1 W
y V 7 U V j l L z s z L Q r W
y V 7 q V j Y L z s z L Q 4 r W
y V q j l L z L 4 V r W
y V q j a L z L l r W
y V U 7 V j Y L z L Q 4 r W
y V U j a L z s z L Q 4 r W
y q V j a 7 W
y V 7 U V j D L z L 4 Q r W
y V 7 V q j l L z s z L Q r W
y V Z j a L z s z L V r W
y V q 7 V j a 1 W
y Z V 7 V j a L z L 4 Q r W
y U V j D L z s z L V 4 r W
y V 7 q V j l L z s z L 4 l r W
y Z V j D o 9 W
y V 7 V U j a L z s z L l 4 r W
y V U 7 V j D L z L V r W
y q V 7 V j D o 9 W
y V 7 V q j l 7 W
y V 7 V Z j D 1 W
y V 7 q V j a L z s z L 4 V r W
y V Z 7 V j l L z L 4 V r W
y V 7 q V j l L z L V r W
y V 7 Z V j a L z s z L Q 4 r W
y Z V 7 V j a L z L 4 l r W
y V 7 V U j a L z L V 4 r W
y V 7 V Z j Y L z L 4 V r W
y V q 7 V j l L z s z L Q 4 r W
y V 7 V U j a L z L Q r W
y V q 7 V j a L z L V 4 r W
y V 7 V Z j a L z L Q r W
y V Z 7 V j D L z s z L 4 V r W
y q V 7 V j D L z L l r W
y V 7 V U j l L z L 4 l r W
y q V 7 V j l L z L Q 4 r W
y U V 7 V j Y L z s z L Q 4 r W
y V 7 V Z j a L z L 4 l r W
y V U j a L z s z L 4 l r W
y V 7 V U j l L z s z L l 4 r W
y V U j a L z s z L l r W
y V 7 Z V j D L z L 4 V r W
y V 7 Z V j a 1 W
y V 7 U V j D L z L V r W
y q V j D 1 W
y U V 7 V j l L z s z L Q r W
y V 7 U V j D L z L l r W
y V Z 7 V j D L z L Q r W
y V 7 q V j Y L z L 4 Q r W
y q V 7 V j D L z L V r W
y V Z 7 V j a L z s z L Q r W
y V U 7 V j l L z L 4 V r W
y V Z j D L z s z L Q 4 r W
y V 7 V Z j Y 1 W
y V q 7 V j l L z L l 4 r W
y V Z j D L z L 4 l r W
y q V j l L z L 4 l r W
y V U j l L z s z L Q 4 r W
y V 7 V Z j l 7 W
y V 7 Z V j l L z L V r W
y V q j l L z s z L V r W
y q V 7 V j Y L z s z L l r W
y V 7 V Z j Y L z L Q r W
y q V j a L z L Q r W
y V 7 q V j Y L z L V 4 r W
y V 7 V U j l L z s z L Q r W
y q V j a L z s z L Q 4 r W
y V q 7 V j a L z L 4 Q r W
y V 7 U V j D L z s z L 4 l r W
y V 7 Z V j D L z s z L 4 V r W
y V 7 U V j a L z s z L l r W
y q V 7 V j l L z L V 4 r W
y V q 7 V j a L z L Q 4 r W
y V 7 V U j D L z L 4 V r W
y V U 7 V j Y L z L l r W
y q V 7 V j D L z s z L V r W
y q V 7 V j l L z L 4 Q r W
y V 7 Z V j Y L z s z L Q r W
y V 7 Z V j Y L z L l r W
y V 7 U V j a L z L l r W
y V q j Y L z s z L l 4 r W
y V 7 q V j l L z L Q 4 r W
y V q j a L z s z L Q r W
y V 7 V U j Y L z s z L V r W
y V 7 q V j a L z s z L l 4 r W
y V 7 V Z j a L z s z L 4 V r W
y V 7 V q j Y L z L V r W
y V 7 V q j D L z s z L Q r W
y V q 7 V j a L z s z L l r W
y V U j l L z s z L V 4 r W
y V U j l L z L Q r W
y V U j Y L z s z L Q r W
y q V j Y L z s z L Q r W
y V Z j l L z L 4 V r W
y V U j l L z s z L 4 Q r W
y V 7 V Z j Y L z L l 4 r W
y U V 7 V j a L z s z L 4 Q r W
y q V j l o 9 W
y V 7 Z V j a L z L l r W
y V 7 V Z j l L z L Q r W
y q V 7 V j Y L z L 4 Q r W
y q V 7 V j Y 7 W
y V 7 U V j l L z s z L 4 l r W
y V 7 U V j D L z s z L 4 V r W
y U V 7 V j Y L z s z L V r W
y V 7 V q j a L z s z L V r W
y V 7 U V j l L z L l r W
y V 7 V q j a L z L V r W
y V 7 U V j Y L z L 4 l r W
y V Z j a L z L 4 l r W
y Z V 7 V j a L z s z L V 4 r W
y Z V 7 V j a L z s z L 4 Q r W
y V 7 q V j Y L z L Q 4 r W
y q V j a L z s z L 4 Q r W
y V 7 Z V j l L z s z L 4 l r W
y V q j D o 9 W
y q V 7 V j D L z L l 4 r W
y q V j Y 1 W
y V Z j l o 9 W
y V 7 V q j Y L z s z L Q 4 r W
y V q 7 V j a L z L Q r W
y V q 7 V j D L z L V 4 r W
y V U j a L z L Q r W
y V Z j D L z s z L Q r W
y Z V 7 V j Y L z s z L l 4 r W
y V 7 V U j D L z s z L l 4 r W
y V 7 q V j l L z L 4 l r W
y V 7 q V j D L z L 4 Q r W
y V q 7 V j Y L z s z L l 4 r W
y V 7 Z V j D L z L V r W
y V q j a L z L 4 Q r W
y V Z 7 V j l L z s z L 4 V r W
y V q 7 V j a L z s z L V 4 r W
y V Z 7 V j l L z L Q r W
y V Z j Y L z L 4 V r W
y V q j a L z L V 4 r W
y V U j D L z s z L Q 4 r W
y V U j Y L z L Q r W
y q V j Y L z L 4 Q r W
y V 7 V U j D L z s z L l r W
y q V j Y L z L V 4 r W
y V q j a L z s z L V 4 r W
y V Z j D L z L Q r W
y V U j l L z L 4 l r W
y q V 7 V j a L z L 4 V r W
y Z V j a L z L V r W
y U V j l 7 W
y V 7 q V j Y L z s z L 4 Q r W
y V 7 q V j l L z L V 4 r W
y q V j Y L z s z L 4 l r W
y V q 7 V j a L z s z L 4 Q r W
y V 7 U V j Y L z s z L Q r W
y V U j Y L z s z L 4 V r W
y V 7 V Z j l L z s z L l 4 r W
y V Z j a 7 W
y V 7 V U j Y L z s z L 4 l r W
y U V 7 V j Y L z s z L l r W
y q V 7 V j D L z s z L 4 l r W
y Z V j Y L z L V r W
y V 7 U V j Y L z L l r W
y U V j Y L z s z L l 4 r W
y V U 7 V j l L z L 4 l r W
y Z V 7 V j Y L z s z L l r W
y V 7 Z V j D L z L Q r W
y V q 7 V j D L z s z L Q r W
y q V 7 V j a L z L l r W
y q V 7 V j D L z s z L V 4 r W
y U V 7 V j a L z s z L l 4 r W
y V 7 V Z j l L z s z L 4 V r W
y V q 7 V j l 1 W
y V q 7 V j D L z L Q r W
y Z V 7 V j D L z s z L V r W
y V Z j D 1 W
y q V 7 V j D 7 W
y Z V j l 1 W
y V U j a o 9 W
y V U 7 V j Y L z s z L l 4 r W
y U V 7 V j a L z L Q 4 r W
y U V 7 V j a 7 W
y V 7 V Z j D L z L Q 4 r W
y V 7 V U j Y L z L 4 Q r W
y V U 7 V j a L z s z L V 4 r W
y q V 7 V j Y L z L l r W
y V q j l 7 W
y Z V j Y L z s z L l 4 r W
y V 7 V Z j Y L z s z L V r W
y Z V j l L z L l r W
y V 7 V U j Y 7 W
y V 7 V U j Y L z L V 4 r W
y V U 7 V j a L z s z L Q r W
y V U 7 V j Y L z L 4 l r W
y V 7 V Z j a o 9 W
y V 7 V Z j Y L z s z L l r W
y q V j Y L z s z L V 4 r W
y V q j l L z L V r W
y V 7 Z V j l L z L 4 l r W
y V Z j D L z s z L 4 Q r W
y V 7 V q j a 7 W
y V U 7 V j l L z L l r W
y V Z j Y L z L l 4 r W
y U V j Y 1 W
y V Z 7 V j a o 9 W
y V Z j D L z s z L V 4 r W
y Z V 7 V j a 1 W
y Z V 7 V j Y L z s z L 4 V r W
y V Z j l L z s z L Q 4 r W
y V q j Y 1 W
y V 7 V q j a o 9 W
y V 7 U V j D o 9 W
y V q 7 V j D o 9 W
y Z V j D 7 W
y V q 7 V j D L z L 4 Q r W
y Z V 7 V j Y 7 W
y q V j a L z s z L l r W
y Z V 7 V j D L z s z L Q r W
y U V 7 V j D L z L 4 Q r W
y V Z j D L z L V 4 r W
y V q j D L z L 4 Q r W
y V U 7 V j D L z L Q 4 r W
y q V 7 V j Y L z s z L 4 Q r W
y V 7 Z V j Y L z L V 4 r W
y V 7 q V j a L z L 4 Q r W
y V 7 V Z j a L z L V 4 r W
y U V j D L z s z L V r W
y Z V j D L z s z L Q 4 r W
y U V j D L z s z L l r W
y q V 7 V j a L z s z L 4 l r W
y q V 7 V j l L z s z L Q 4 r W
y V 7 V Z j l L z L l 4 r W
y Z V 7 V j D L z L V 4 r W
y V 7 V Z j Y L z L 4 l r W
y V U j Y L z L Q 4 r W
y Z V 7 V j a L z L Q 4 r W
y V 7 V U j l L z L V 4 r W
y q V j a L z L Q 4 r W
y V q j Y L z s z L 4 V r W
y V Z j l L z s z L 4 Q r W
y V 7 Z V j Y 7 W
y U V 7 V j l L z L V 4 r W
y V 7 V q j a L z L Q r W
y V 7 U V j l o 9 W
y V 7 q V j D L z s z L l r W
y V 7 V q j D L z L Q r W
y V 7 Z V j l o 9 W
y V 7 q V j l 7 W
y V 7 U V j Y L z s z L Q 4 r W
y V U 7 V j l L z s z L V 4 r W
y V 7 V U j D L z L 4 Q r W
y V Z j l L z L Q r W
y q V j D L z L 4 Q r W
y V 7 V q j a L z L 4 Q r W
y Z V 7 V j Y L z s z L 4 l r W
y V Z 7 V j l L z L 4 l r W
y V Z j Y L z L Q r W
y Z V j Y L z s z L Q r W
y q V j l L z s z L l 4 r W
y V 7 V U j a L z s z L 4 Q r W
y q V 7 V j l L z s z L l r W
y V Z 7 V j l o 9 W
y V q j a L z L V r W
y Z V j l L z L 4 l r W
y Z V j D 1 W
y V q j a L z L Q 4 r W
y V 7 U V j l L z L 4 V r W
y V 7 V Z j D L z s z L 4 V r W
y V 7 Z V j D L z L 4 Q r W
y V Z j D o 9 W
y V Z j a L z L Q r W
y V q 7 V j l 7 W
y V U 7 V j Y L z s z L 4 V r W
y Z V j a L z L l r W
y U V 7 V j l L z s z L l 4 r W
y V q j Y L z L V r W
y U V j l L z L 4 V r W
y V q 7 V j Y L z L V 4 r W
y V q 7 V j a L z s z L Q 4 r W
y V 7 V U j D L z L l r W
y V Z 7 V j D L z s z L 4 Q r W
y V Z j l L z s z L V r W
y q V 7 V j l 1 W
y V 7 U V j a L z s z L 4 V r W
y V 7 U V j a 1 W
y V 7 V Z j l L z s z L 4 l r W
y Z V j Y L z L l r W
y Z V 7 V j l 7 W
y V U j Y L z L V 4 r W
y Z V j l L z L V r W
y V 7 Z V j Y L z s z L V 4 r W
y V 7 V q j Y L z L Q r W
y V 7 V U j Y L z s z L Q r W
y V 7 V q j Y L z s z L l r W
y V 7 V q j D L z L 4 Q r W
y V 7 Z V j D L z s z L l r W
y V U 7 V j D L z L V 4 r W
y V q 7 V j l L z L 4 l r W
y V U j D L z s z L l r W
y V q j Y 7 W
y V Z j Y L z s z L 4 V r W
y V U 7 V j D L z s z L Q r W
y V 7 U V j Y L z s z L 4 Q r W
y V Z 7 V j a L z s z L 4 Q r W
y V 7 V q j l L z s z L 4 V r W
y q V j a L z L 4 Q r W
y Z V 7 V j l L z L l 4 r W
y U V j Y 7 W
y Z V j Y L z L Q 4 r W
y U V j Y L z s z L 4 l r W
y V q 7 V j l L z s z L l r W
y V U 7 V j l L z L l 4 r W
y U V 7 V j a L z L 4 Q r W
y U V j D L z s z L 4 Q r W
y V 7 q V j a L z s z L 4 l r W
y Z V j l L z s z L Q 4 r W
y V q 7 V j Y L z L Q r W
y V 7 V U j Y L z L Q 4 r W
y V U 7 V j D L z L l r W
y Z V 7 V j a L z s z L V r W
y V 7 V Z j l L z L 4 V r W
y V U j D L z L 4 Q r W
y V 7 V Z j D L z L V 4 r W
y V 7 q V j D L z L l r W
y V Z j Y L z L 4 l r W
y Z V 7 V j a L z s z L Q 4 r W
y V 7 Z V j l 7 W
y V 7 V Z j l 1 W
y Z V j Y L z L V 4 r W
y V Z 7 V j a L z L Q r W
y V U j a 7 W
y q V 7 V j a L z s z L V r W
y U V j a L z s z L Q 4 r W
y V 7 Z V j l L z s z L l 4 r W
y V q 7 V j l L z L Q r W
y U V 7 V j a o 9 W
y V 7 U V j a L z s z L l 4 r W
y q V j D L z s z L l r W
y U V 7 V j Y L z L Q 4 r W
y V Z 7 V j l L z s z L Q r W
y V q j Y L z L V 4 r W
y V U j D L z s z L V 4 r W
y V U 7 V j a L z L V 4 r W
y U V j Y o 9 W
y V 7 V q j Y o 9 W
y Z V 7 V j D L z L l r W
y V 7 V q j D L z s z L 4 V r W
y V 7 V q j Y L z s z L V 4 r W
y V Z j a L z s z L Q r W
y V q 7 V j D L z L Q 4 r W
y V 7 V U j D 7 W
y Z V j D L z L 4 Q r W
y V 7 V q j l L z L Q r W
y V 7 Z V j a L z L V r W
y V U 7 V j l L z s z L V r W
y V 7 V q j l L z s z L l 4 r W
y V 7 Z V j Y L z L Q 4 r W
y V Z j a L z s z L V 4 r W
y V q 7 V j Y 7 W
y Z V 7 V j Y o 9 W
y Z V 7 V j l L z s z L l r W
y V 7 Z V j l L z s z L 4 V r W
y U V 7 V j Y L z s z L V 4 r W
y V 7 Z V j a L z L 4 Q r W
y V 7 V Z j Y o 9 W
y V Z j Y L z s z L l 4 r W
y V q 7 V j Y L z s z L 4 l r W
y q V j Y L z L Q 4 r W
y V 7 q V j l L z s z L V 4 r W
y Z V j D L z s z L V 4 r W
y q V 7 V j l L z L l r W
y U V j Y L z L 4 l r W
y V Z 7 V j Y L z L Q r W
y V 7 U V j D L z L V 4 r W
y q V j l L z s z L 4 V r W
y V 7 V q j l L z s z L V r W
y q V 7 V j l L z s z L V 4 r W
y Z V 7 V j l L z s z L 4 Q r W
y V U 7 V j D L z s z L V 4 r W
y Z V 7 V j a L z L V 4 r W
y V U 7 V j l L z s z L Q 4 r W
y V 7 U V j l L z L l 4 r W
y Z V j D L z L V r W
y V q 7 V j a L z s z L V r W
y q V 7 V j D L z L 4 V r W
y U V 7 V j D L z s z L 4 V r W
y V 7 V U j l 1 W
y Z V 7 V j D L z L Q 4 r W
y V Z 7 V j Y L z L V 4 r W
y V 7 Z V j Y L z L V r W
y V 7 V Z j D L z s z L l 4 r W
y V U 7 V j a 7 W
y U V 7 V j a L z s z L Q r W
y V 7 V U j l L z s z L 4 V r W
y V q 7 V j D L z s z L 4 Q r W
y V 7 V U j a L z L 4 Q r W
y V q j l L z L 4 l r W
y Z V j l L z s z L l 4 r W
y V U j Y L z s z L l 4 r W
y U V j D L z L Q 4 r W
y V 7 U V j D L z L l 4 r W
y V Z 7 V j l L z L V 4 r W
y V 7 Z V j a L z L l 4 r W
y q V j l 1 W
y V 7 q V j D L z s z L Q 4 r W
y V U j a L z L 4 Q r W
y q V j l L z s z L 4 l r W
y U V j Y L z s z L Q r W
y V 7 q V j a L z s z L l r W
y V 7 V q j a L z L 4 l r W
y V Z 7 V j l L z L 4 Q r W
y V Z j l L z s z L Q r W
y Z V j a L z L Q 4 r W
y V q 7 V j Y L z L 4 V r W
y V U j Y 7 W
y U V 7 V j l L z L l r W
y V Z j Y L z s z L V r W
y V Z 7 V j D L z L V 4 r W
y V q 7 V j D L z s z L Q 4 r W
y U V j l L z s z L V 4 r W
y V U 7 V j D L z s z L V r W
y V q 7 V j D L z L l r W
y Z V 7 V j a L z L 4 V r W
y Z V j D L z L l 4 r W
y U V j a L z s z L V r W
y V U j a L z L V 4 r W
y U V 7 V j Y L z L l r W
y V 7 V U j D L z s z L 4 V r W
y V 7 V q j a L z s z L 4 l r W
y V q j l L z s z L Q 4 r W
y Z V 7 V j l L z L 4 l r W
y Z V 7 V j D L z L 4 l r W
y V Z 7 V j D L z L 4 Q r W
y U V j l L z s z L 4 Q r W
y U V j Y L z L V 4 r W
y V 7 Z V j Y L z s z L 4 V r W
y V 7 q V j l L z L l r W
y V U 7 V j D L z s z L Q 4 r W
y U V j Y L z L 4 Q r W
y Z V j l L z L l 4 r W
y V q j D 7 W
y V Z 7 V j Y L z s z L l r W
y U V j D L z L V 4 r W
y U V j a L z L Q r W
y Z V j l 7 W
y U V 7 V j D L z L 4 V r W
y U V j D L z L 4 Q r W
y V 7 V U j D 1 W
y V U 7 V j a L z L 4 Q r W
y V Z j D L z s z L V r W
y V 7 U V j a L z L V 4 r W
y V U j a L z L Q 4 r W
y V 7 V U j a L z L l 4 r W
y U V j Y L z L Q r W
y V q j D L z s z L l 4 r W
y V U 7 V j Y L z s z L V r W
y V Z 7 V j l L z L Q 4 r W
y U V 7 V j D L z s z L l 4 r W
y V q j l o 9 W
y V U j D L z L l 4 r W
y V U 7 V j l L z s z L 4 V r W
y V q j Y L z L Q 4 r W
y V Z 7 V j D L z s z L l r W
y V 7 U V j Y L z s z L 4 l r W
y U V j Y L z s z L 4 V r W
y q V j D L z L V r W
y V 7 U V j a L z L Q 4 r W
y U V 7 V j a L z L l r W
y V 7 V U j l 7 W
y V 7 U V j Y 7 W
y V q 7 V j Y L z L l r W
y V U j l L z L l r W
y Z V 7 V j a L z L V r W
y U V j D 7 W
y V 7 U V j a L z s z L 4 Q r W
y V Z j Y L z s z L V 4 r W
y V 7 V U j l L z L V r W
y V 7 U V j a L z s z L V 4 r W
y V 7 U V j Y L z s z L l r W
y V q j D L z s z L l r W
y V U 7 V j a L z L Q 4 r W
y V Z j a L z s z L Q 4 r W
y V 7 Z V j a 7 W
y q V j a L z L l 4 r W
y V Z 7 V j Y 7 W
y Z V 7 V j l L z s z L Q 4 r W
y U V 7 V j Y L z L 4 V r W
y V q 7 V j a L z L l r W
y q V 7 V j l L z s z L V r W
y V U 7 V j Y o 9 W
y U V 7 V j l L z s z L 4 l r W
y Z V 7 V j Y L z L 4 l r W
y V 7 U V j D L z s z L l r W
y U V 7 V j a L z s z L 4 V r W
y Z V 7 V j D L z s z L l 4 r W
y V q j Y L z s z L l r W
y V Z j Y L z s z L 4 l r W
y V U j a L z L l r W
y V U j Y L z L l r W
y V 7 V Z j Y 7 W
y V 7 V q j D L z s z L Q 4 r W
y V Z 7 V j a L z s z L 4 V r W
y q V j l L z L V r W
y V 7 V Z j a L z s z L l 4 r W
y V 7 U V j a L z L 4 Q r W
y U V j D L z s z L l 4 r W
y V 7 V q j l L z L 4 V r W
y Z V 7 V j Y L z L V r W
y V 7 V U j Y L z s z L V 4 r W
y V q j D L z s z L Q r W
y V 7 Z V j l L z s z L l r W
y V 7 V q j a L z s z L Q r W
y V 7 V U j Y L z s z L 4 Q r W
y V Z 7 V j Y L z L Q 4 r W
y q V 7 V j Y L z s z L 4 V r W
y V Z j Y L z s z L 4 Q r W
y V U 7 V j a L z s z L 4 l r W
y V q 7 V j a L z s z L 4 l r W
y V q j Y L z s z L Q r W
y V q 7 V j l L z L 4 V r W
y V 7 V U j a 1 W
y q V 7 V j l 7 W
y Z V j a L z L 4 Q r W
y V 7 q V j Y L z L l r W
y V q j D L z L Q 4 r W
y Z V j a L z s z L V 4 r W
y V 7 q V j D L z s z L 4 Q r W
y V q 7 V j D L z L 4 V r W
y Z V j a L z s z L 4 Q r W
y V 7 q V j a 7 W
y V 7 q V j D L z s z L V 4 r W
y V Z 7 V j l L z s z L 4 Q r W
y Z V j a L z s z L 4 l r W
y U V 7 V j D L z L Q r W
y V U j l L z s z L V r W
y V q j a L z s z L 4 V r W
y Z V j a L z L V 4 r W
y V Z 7 V j a L z s z L l 4 r W
y U V 7 V j l L z s z L V r W
y V Z 7 V j l L z s z L V 4 r W
y V 7 Z V j l L z s z L Q r W
y V q j a L z L 4 V r W
y q V j D L z s z L 4 V r W
y U V 7 V j l L z s z L 4 Q r W
y V 7 U V j a L z s z L 4 l r W
y U V j a L z s z L 4 V r W
y U V j l L z L Q 4 r W
y V q j l L z s z L 4 l r W
y U V 7 V j l L z L 4 V r W
y U V 7 V j l L z s z L V 4 r W
y V 7 Z V j l L z L V 4 r W
y V 7 q V j a L z L l r W
y V Z 7 V j D L z L Q 4 r W
y q V j a L z s z L Q r W
y V 7 Z V j l L z L 4 Q r W
y U V j Y L z L Q 4 r W
y Z V 7 V j Y L z L 4 Q r W
y U V j D L z s z L Q r W
y V 7 V Z j D L z s z L Q r W
y V U j l 1 W
y Z V 7 V j Y L z L V 4 r W
y V 7 V q j a L z L Q 4 r W
y V 7 Z V j D L z s z L l 4 r W
y V q j l L z s z L 4 Q r W
y U V j D L z L Q r W
y V 7 V U j l L z s z L V r W
y Z V j l L z s z L Q r W
y V 7 q V j a L z L Q r W
y V q j l L z s z L V 4 r W
y V U 7 V j Y 1 W
y U V 7 V j D L z L l r W
y Z V 7 V j l L z L V 4 r W
y V 7 V q j a L z L V 4 r W
y q V j l L z L V 4 r W
y V 7 V U j D L z L V 4 r W
y V 7 Z V j a L z L Q r W
y V q 7 V j D L z s z L V r W
y V 7 U V j D L z s z L V 4 r W
y V Z j D L z L 4 Q r W
y V Z j l L z s z L l 4 r W
y Z V 7 V j l o 9 W
y V 7 Z V j Y L z L 4 Q r W
y q V 7 V j a L z s z L 4 V r W
y V 7 q V j a o 9 W
y V 7 V Z j a L z s z L V r W
y V 7 V U j D o 9 W
y V U 7 V j Y L z L l 4 r W
y V 7 V q j a L z s z L 4 Q r W
y V Z 7 V j Y 1 W
y V 7 V Z j a L z L 4 Q r W
y V 7 Z V j D L z L Q 4 r W
y V 7 q V j a L z L V 4 r W
y V q j D L z L V 4 r W
y V 7 V Z j l L z L l r W
y Z V 7 V j D L z s z L 4 V r W
y q V j Y 7 W
y q V j l L z s z L 4 Q r W
y V 7 Z V j D o 9 W
y V Z 7 V j Y L z L V r W
y U V j D L z L l r W
y V Z j l L z L Q 4 r W
y V 7 q V j D L z s z L 4 l r W
y V q 7 V j Y L z s z L V r W
y Z V 7 V j a o 9 W
y q V j D L z L V 4 r W
y V 7 V q j l L z L l 4 r W
y V 7 V U j l L z L 4 Q r W
y q V 7 V j Y L z s z L l 4 r W
y Z V 7 V j D L z L 4 Q r W
y V q 7 V j a L z L 4 l r W
y Z V 7 V j Y L z s z L V r W
y q V j a L z s z L 4 V r W
y V 7 Z V j Y L z s z L V r W
y V q j l L z L V 4 r W
y V 7 Z V j l L z L Q 4 r W
y V 7 Z V j D L z s z L V r W
y V 7 Z V j Y L z L Q r W
y q V 7 V j a L z L l 4 r W
y Z V j a L z s z L l r W
y q V 7 V j Y o 9 W
y U V j l L z L l r W
y V 7 V Z j D L z s z L 4 l r W
y V U j a L z s z L Q r W
y V 7 q V j l L z L l 4 r W
y q V 7 V j D 1 W
y V 7 q V j a 1 W
y Z V j Y o 9 W
y V Z j Y 1 W
y V 7 V U j a L z s z L V 4 r W
y q V j D L z s z L l 4 r W
y U V 7 V j l L z L l 4 r W
y V Z j D L z L Q 4 r W
y V 7 V q j D L z L 4 V r W
y V 7 V q j Y 7 W
y V Z j l L z s z L l r W
y V q 7 V j Y 1 W
y V 7 V Z j a L z L Q 4 r W
y V 7 Z V j a L z s z L 4 V r W
y V 7 q V j a L z L Q 4 r W
y V 7 Z V j a o 9 W
y V 7 V q j a L z s z L Q 4 r W
y V 7 V U j D L z L V r W
y V 7 U V j a L z L 4 l r W
y V 7 Z V j D L z L V 4 r W
y V Z j l L z L 4 Q r W
y V Z j Y L z L V 4 r W
y V q j l L z L Q 4 r W
y V 7 q V j a L z s z L Q 4 r W
y V 7 V U j l L z L Q 4 r W
y V q 7 V j l L z s z L 4 V r W
y U V j a L z L l r W
y U V j Y L z L l r W
y Z V 7 V j l L z L V r W
y V 7 q V j D L z s z L V r W
y V 7 V U j Y L z s z L Q 4 r W
y V Z j D 7 W
y V 7 Z V j l L z L Q r W
y q V 7 V j D L z s z L l 4 r W
y V 7 U V j Y L z s z L V 4 r W
y V 7 q V j Y L z s z L V r W
y q V 7 V j a 1 W
y U V j D L z L 4 l r W
y V Z 7 V j D L z s z L Q r W
y V Z 7 V j Y L z s z L Q r W
y V 7 q V j D o 9 W
y V 7 U V j a o 9 W
y q V j D L z L Q 4 r W
y Z V j D L z L 4 V r W
y V 7 V U j Y o 9 W
y V Z j Y L z L V r W
y V 7 V q j D L z s z L 4 l r W
y Z V j Y L z s z L 4 Q r W
y Z V j Y L z s z L V r W
y V 7 V Z j D L z L 4 l r W
y V Z 7 V j Y L z s z L l 4 r W
y U V j a L z L 4 V r W
y V Z 7 V j l 1 W
y U V j l L z s z L l r W
y Z V j a L z s z L Q 4 r W
y q V 7 V j a L z s z L l r W
y V 7 V U j a L z s z L Q 4 r W
y V 7 Z V j a L z L 4 V r W
y V 7 q V j l L z s z L Q r W
y V q j a L z s z L V r W
y V Z j a L z L V r W
y V 7 Z V j l L z s z L 4 Q r W
y U V 7 V j Y 1 W
y V U 7 V j a L z s z L Q 4 r W
y V U 7 V j Y L z s z L 4 l r W
y V 7 V Z j l L z L 4 l r W
y U V j l L z L 4 Q r W
y V Z 7 V j Y L z L 4 l r W
y V 7 V U j a L z s z L 4 V r W
y V Z 7 V j l L z s z L Q 4 r W
y q V j Y L z s z L Q 4 r W
y V 7 U V j a L z s z L V r W
y V 7 q V j D L z L l 4 r W
y Z V j l L z L 4 V r W
y V Z 7 V j D L z s z L l 4 r W
y q V 7 V j a L z s z L l 4 r W
y V 7 q V j a L z s z L V 4 r W
y V U 7 V j a L z L 4 l r W
y U V j l L z L Q r W
y V U j l L z L 4 V r W
y V 7 V U j D L z s z L V r W
y V 7 Z V j a L z s z L l 4 r W
y V q j Y L z L 4 Q r W
y Z V j Y L z s z L 4 l r W
y V 7 Z V j Y 1 W
y V U 7 V j l L z s z L l r W
y Z V 7 V j Y L z L Q 4 r W
y V 7 V Z j l L z s z L Q r W
y V 7 U V j Y L z L l 4 r W
y V Z j a L z L l 4 r W
y V q j Y L z L 4 l r W
y V U j a L z s z L l 4 r W
y V U j D L z s z L 4 l r W
y V U j D L z L Q r W
y V 7 V U j l L z s z L 4 l r W
y V U 7 V j l L z s z L Q r W
y V 7 q V j Y L z s z L l 4 r W
y V 7 U V j l L z s z L 4 V r W
y V q j D L z L V r W
y q V 7 V j Y L z L 4 V r W
y V 7 V Z j D L z L Q r W
y Z V j D L z s z L 4 l r W
y q V 7 V j l L z s z L 4 Q r W
y V U j l L z L l 4 r W
y V 7 U V j l L z L V r W
y V 7 U V j Y L z L 4 V r W
y V Z j a L z L 4 V r W
y V 7 V U j l L z s z L 4 Q r W
y V 7 V U j a L z L 4 V r W
y V 7 q V j a L z L 4 V r W
y V q j D 1 W
y U V j l L z L 4 l r W
y V U 7 V j a L z L l r W
y q V j l L z L Q 4 r W
y V 7 U V j l L z s z L l 4 r W
y V Z j a L z s z L 4 l r W
y Z V 7 V j D L z L V r W
y U V 7 V j Y L z s z L 4 Q r W
y V 7 V Z j l L z s z L l r W
y V Z j a L z s z L 4 Q r W
y V U 7 V j D L z s z L 4 l r W
y V 7 V q j Y L z s z L 4 l r W
y V U j D L z L 4 V r W
y V 7 V U j a L z s z L Q r W
y V 7 q V j D 7 W
y U V 7 V j D L z L l 4 r W
y V 7 V q j D L z L l 4 r W
y q V 7 V j l L z L V r W
y V q 7 V j l L z s z L l 4 r W
y V U j D L z L l r W
y Z V 7 V j l L z s z L V 4 r W
y q V 7 V j D L z L 4 Q r W
y V Z 7 V j Y L z s z L 4 V r W
y V 7 V q j D L z s z L 4 Q r W
y V q 7 V j D L z s z L V 4 r W
y q V 7 V j l L z s z L 4 l r W
y V 7 V Z j D L z L l r W
y V q j Y L z s z L 4 Q r W
y Z V j D L z s z L 4 Q r W
y q V j D L z L 4 V r W
y V Z 7 V j Y L z L 4 Q r W
y Z V 7 V j l 1 W
y Z V j D L z s z L V r W
y U V j l L z s z L Q 4 r W
y V q j l L z s z L l r W
y U V 7 V j a L z L V 4 r W
y U V j a L z L l 4 r W
y V 7 Z V j D 7 W
y V 7 V U j a L z s z L l r W
y V U 7 V j D L z s z L 4 Q r W
y V Z 7 V j l L z s z L V r W
y q V 7 V j a L z s z L Q r W
y V 7 V U j D L z L Q 4 r W
y V Z 7 V j a L z L V r W
y V U 7 V j a L z s z L l 4 r W
y q V 7 V j Y L z L l 4 r W
y V 7 V Z j D L z s z L 4 Q r W
y V U 7 V j D L z L 4 V r W
y V 7 V Z j D L z s z L V 4 r W
y Z V j l o 9 W
y V 7 V q j l L z L V r W
y V 7 V q j Y L z L l r W
y V U j Y L z L 4 l r W
y q V 7 V j l L z s z L 4 V r W
y V 7 V Z j Y L z L Q 4 r W
y q V 7 V j Y L z L V r W
y U V j a 1 W
y V 7 V q j Y L z s z L l 4 r W
y U V j l o 9 W
y V 7 V q j Y L z s z L Q r W
y V U j D L z s z L Q r W
y V 7 V U j D L z L 4 l r W
y Z V 7 V j Y L z s z L Q 4 r W
y q V 7 V j D L z L Q 4 r W
y V 7 Z V j l L z L l r W
y Z V j a L z s z L Q r W
y V 7 V Z j D L z s z L l r W
y V U j D o 9 W
y V 7 Z V j D L z s z L 4 l r W
y q V 7 V j D L z L V 4 r W
y Z V j D L z s z L 4 V r W
y V q j Y L z s z L Q 4 r W
y V U j a L z s z L 4 V r W
y V U j Y L z L 4 V r W
y U V 7 V j D o 9 W
y q V j a L z L 4 V r W
y Z V 7 V j D 1 W
y q V 7 V j l o 9 W
y q V 7 V j l L z s z L Q r W
y V U 7 V j a L z s z L 4 Q r W
y q V 7 V j a L z L V r W
y Z V j a 7 W
y U V j D L z s z L 4 V r W
y Z V 7 V j l L z L Q r W
y Z V j l L z s z L V r W
y V 7 V q j a L z L l r W
y V Z j l L z L 4 l r W
y V 7 q V j a L z L 4 l r W
y U V j D 1 W
y V 7 V q j Y L z s z L 4 Q r W
y V q 7 V j a L z s z L l 4 r W
y V 7 Z V j Y L z L 4 V r W
y Z V j Y 7 W
y V q j a 1 W
y Z V 7 V j a L z L Q r W
y V Z 7 V j l L z s z L l r W
y V 7 V Z j l L z s z L Q 4 r W
y q V 7 V j Y L z L V 4 r W
y q V j a L z L 4 l r W
y V 7 V U j a 7 W
y V U 7 V j l L z L V r W
y V 7 Z V j D L z L 4 l r W
y V U j D L z s z L 4 Q r W
y V 7 V q j D L z L l r W
y V 7 V U j Y L z s z L l r W
y V q 7 V j a L z L l 4 r W
y Z V j Y L z L 4 l r W
y V Z j a L z L l r W
y V U 7 V j Y L z L 4 V r W
y q V j D L z L 4 l r W
y V q 7 V j D L z L l 4 r W
y V 7 q V j Y L z L l 4 r W
y q V j l L z L Q r W
y V q 7 V j l L z L V 4 r W
y q V 7 V j a L z L Q 4 r W
y V Z j Y L z L l r W
y V 7 Z V j D 1 W
y V Z j l L z L V r W
y V Z 7 V j D L z s z L 4 l r W
y V 7 Z V j a L z s z L V r W
y V q j a L z L l 4 r W
y V U 7 V j D L z L 4 l r W
y q V 7 V j Y L z s z L V r W
y q V j a 1 W
y V U j a L z s z L V r W
y V 7 V Z j l L z L Q 4 r W
y V q 7 V j l L z L 4 Q r W
y V 7 V q j l 1 W
y Z V 7 V j Y L z L Q r W
y U V 7 V j l 1 W
y V Z j l L z s z L 4 V r W
y V U j l 7 W
y q V j a L z s z L V 4 r W
y V U 7 V j a L z L 4 V r W
y V U 7 V j a L z L V r W
y q V j l L z L 4 V r W
y V U 7 V j l 1 W
y V U j Y 1 W
y V q 7 V j a o 9 W
y U V 7 V j Y L z s z L l 4 r W
y V Z j D L z L l r W
y V 7 V U j l L z s z L Q 4 r W
y q V j Y L z s z L 4 V r W
y V 7 V Z j l L z s z L 4 Q r W
y q V 7 V j a L z L 4 l r W
y q V j Y L z L 4 l r W
y U V 7 V j a L z s z L V 4 r W
y V 7 V Z j l L z s z L V 4 r W
y V q j a L z s z L 4 Q r W
y V 7 V Z j a 1 W
y V 7 V U j Y L z L 4 V r W
y q V 7 V j D L z s z L 4 V r W
y V 7 q V j l L z L 4 Q r W
y Z V 7 V j D L z s z L l r W
y V U 7 V j Y L z L V r W
y V 7 U V j Y L z s z L l 4 r W
y V 7 V U j a L z s z L 4 l r W
y V 7 V Z j D o 9 W
y Z V 7 V j Y L z s z L 4 Q r W
y q V 7 V j a L z L V 4 r W
y V q 7 V j Y L z L l 4 r W
y q V 7 V j D L z s z L l r W
y V 7 q V j l L z L 4 V r W
y U V 7 V j a L z L l 4 r W
y V 7 V U j Y L z L 4 l r W
y V q 7 V j l L z L Q 4 r W
y q V j D L z L Q r W
y Z V 7 V j a L z L l 4 r W
y V Z 7 V j l L z s z L 4 l r W
y q V j l 7 W
y V Z j Y L z L Q 4 r W
y q V j a L z s z L V r W
y Z V j l L z s z L 4 l r W
y U V 7 V j D L z s z L l r W
y V q j a L z s z L l 4 r W
y V 7 V Z j D L z L l 4 r W
y Z V j Y L z s z L Q 4 r W
y q V j Y L z s z L 4 Q r W
y V 7 q V j Y L z s z L 4 l r W
y V 7 V q j a L z s z L l r W
y V U 7 V j Y L z s z L Q 4 r W
y V Z 7 V j l L z L V r W
y V 7 U V j D L z s z L Q r W
y U V j l L z s z L 4 l r W
y U V j D L z L V r W
y V 7 Z V j Y L z s z L l 4 r W
y Z V 7 V j Y L z s z L V 4 r W
y U V j Y L z s z L V r W
y V 7 q V j a L z s z L Q r W
y V 7 Z V j l L z L 4 V r W
y V 7 V Z j D L z s z L V r W
y V 7 U V j D L z s z L Q 4 r W
y V Z j D L z L V r W
y V 7 V U j a o 9 W
y V 7 V Z j a L z L 4 V r W
y V 7 V q j a L z L l 4 r W
y q V 7 V j D L z s z L 4 Q r W
y V 7 Z V j D L z s z L Q 4 r W
y V 7 q V j Y L z s z L V 4 r W
y V U j a L z L 4 V r W
y V 7 U V j Y L z L V r W
y Z V 7 V j Y L z s z L Q r W
y V Z j Y L z s z L Q r W
y V 7 Z V j D L z L l r W
y V 7 Z V j Y L z L 4 l r W
y V 7 V Z j Y L z s z L Q r W
y V U j D L z s z L l 4 r W
y Z V j l L z s z L l r W
y V q j a o 9 W
y V 7 q V j D L z L V 4 r W
y V q 7 V j Y L z s z L Q r W
y V 7 U V j a L z L V r W
y U V j Y L z s z L Q 4 r W
y V q 7 V j Y L z s z L Q 4 r W
y V 7 V q j D L z L V r W
y V 7 V U j l L z L 4 V r W
y V 7 q V j D L z L 4 l r W
y V U 7 V j a L z s z L l r W
y V 7 V U j Y L z s z L 4 V r W
y V Z j D L z s z L 4 l r W
y V q 7 V j D L z s z L l r W
y V Z j D L z L 4 V r W
y Z V j a L z L 4 V r W
y V 7 q V j Y L z L 4 l r W
y U V j a L z L V r W
y V Z 7 V j l 7 W
y V 7 U V j Y 1 W
y q V j l L z L 4 Q r W
y V q 7 V j D L z s z L 4 l r W
y U V j Y L z s z L l r W
y q V j a L z s z L 4 l r W
y U V 7 V j Y L z s z L 4 V r W
y V 7 U V j D L z s z L 4 Q r W
y V 7 q V j l L z L Q r W
y U V j Y L z L V r W
y V U 7 V j l L z s z L l 4 r W
y V 7 V q j a L z s z L V 4 r W
y V 7 U V j a L z L 4 V r W
y V U 7 V j l L z L Q 4 r W
y V 7 V q j Y L z L 4 V r W
y V Z 7 V j a L z s z L V r W
y Z V 7 V j l L z L 4 Q r W
y V U 7 V j l 7 W
y q V j l L z s z L V 4 r W
y U V 7 V j a L z L Q r W
y q V 7 V j l L z L 4 V r W
y V 7 Z V j D L z s z L V 4 r W
y V 7 q V j Y L z L Q r W
y V U 7 V j l L z L Q r W
y V 7 q V j l o 9 W
y V 7 V q j D 7 W
y V 7 U V j D 7 W
y V U j a L z s z L 4 Q r W
y V 7 q V j l L z s z L l 4 r W
y Z V j a L z L 4 l r W
y V 7 U V j l L z s z L V r W
y V q j l L z L 4 Q r W
y V Z j l L z L V 4 r W
y q V j Y o 9 W
y V Z j D L z s z L 4 V r W
y Z V j D L z s z L Q r W
y V U 7 V j D L z s z L 4 V r W
y Z V 7 V j l L z s z L Q r W
y V 7 Z V j Y L z L l 4 r W
y V 7 V Z j l L z L V r W
y V Z 7 V j Y L z L l r W
y Z V 7 V j D o 9 W
y V 7 V U j l L z s z L l r W
y V U 7 V j Y L z L 4 Q r W
y V Z 7 V j D L z L 4 l r W
y V 7 q V j l L z s z L V r W
y V Z 7 V j a L z L 4 V r W
y V 7 U V j D L z L Q r W
y V U 7 V j D 7 W
y U V j D L z L 4 V r W
y V U j l L z s z L 4 V r W
y U V 7 V j Y L z L Q r W
y V 7 V Z j Y L z s z L 4 V r W
y V 7 V U j l o 9 W
y V 7 q V j D L z L Q r W
y V 7 V U j D L z s z L V 4 r W
y q V 7 V j Y L z L 4 l r W
y Z V j a 1 W
y V 7 V Z j Y L z L l r W
y V Z 7 V j a L z L l r W
y Z V j a L z s z L V r W
y q V j Y L z s z L l r W
y V q j a L z s z L l r W
y V 7 Z V j l L z s z L Q 4 r W
y q V 7 V j Y L z s z L Q r W
y V 7 q V j D 1 W
y q V j Y L z L 4 V r W
y U V j a L z s z L Q r W
y q V j l L z s z L Q 4 r W
y U V j a L z L 4 Q r W
y V q 7 V j l L z s z L Q r W
y V q j l L z s z L l 4 r W
y Z V 7 V j l L z L Q 4 r W
y V 7 U V j a L z s z L Q r W
y V Z 7 V j D L z L V r W
y V 7 V U j Y L z L l 4 r W
y U V 7 V j l L z L Q r W
y U V 7 V j Y 7 W
y V 7 V q j D L z s z L l r W
y U V j l L z s z L V r W
y V U j a L z L 4 l r W
y V 7 V q j D o 9 W
y U V j l L z L V r W
y V 7 V Z j a L z L l r W
y V q j D L z L l r W
y V q 7 V j a 7 W
y Z V 7 V j D L z s z L 4 l r W
y q V 7 V j D L z L Q r W
y U V 7 V j Y L z L l 4 r W
y V Z j Y L z L 4 Q r W
y V q j Y L z L l 4 r W
y V 7 V Z j a L z s z L l r W
y V U 7 V j Y L z s z L Q r W
y V 7 Z V j Y L z s z L l r W
y V Z 7 V j l L z L l r W
y U V j a L z s z L l 4 r W
y Z V j l L z s z L 4 V r W
y V U j Y L z s z L l r W
y V U 7 V j Y 7 W
y V 7 V Z j D L z L V r W
y V 7 U V j Y L z L 4 Q r W
y Z V 7 V j D L z L Q r W
y q V j Y L z L V r W
y U V j a 7 W
y V 7 V q j Y L z s z L 4 V r W
y V 7 V U j a L z s z L V r W
y V 7 U V j l L z s z L 4 Q r W
y Z V j Y L z s z L V 4 r W
y U V 7 V j D L z s z L V r W
y V 7 U V j l L z L Q r W
y q V j D L z s z L Q r W
y V Z j a L z L 4 Q r W
y V U 7 V j Y L z s z L V 4 r W
y V q 7 V j l L z L l r W
y q V 7 V j l L z L Q r W
y V 7 U V j l 1 W
y q V 7 V j l L z L l 4 r W
y V 7 Z V j D L z s z L Q r W
y V 7 Z V j l L z s z L V 4 r W
y V Z j a L z s z L l r W
y V 7 q V j l L z s z L 4 V r W
y V 7 U V j D L z L 4 V r W
y Z V j Y L z L l 4 r W
y V Z 7 V j a L z s z L 4 l r W
y V Z j a L z s z L 4 V r W
y V 7 V U j Y L z L V r W
y V 7 U V j Y o 9 W
y U V j l L z L V 4 r W
y V Z 7 V j Y L z s z L 4 Q r W
y V q 7 V j Y o 9 W
y V U 7 V j D L z L l 4 r W
y U V 7 V j l L z s z L Q 4 r W
y V 7 V q j Y L z L l 4 r W
y V Z 7 V j Y L z L 4 V r W
y V 7 V Z j D L z L 4 V r W
y V U j D L z L 4 l r W
y Z V 7 V j a L z s z L 4 V r W
y V U j l L z L V r W
y V 7 V Z j a L z s z L V 4 r W
y V Z 7 V j a L z L l 4 r W
y V 7 V Z j l L z L V 4 r W
y V q 7 V j Y L z s z L 4 Q r W
y V 7 V U j a L z L V r W
y V Z j D L z s z L l 4 r W
y Z V 7 V j l L z s z L 4 l r W
y V 7 q V j a L z s z L 4 Q r W
y V q j Y o 9 W
y V 7 U V j l L z L Q 4 r W
y U V j Y L z s z L 4 Q r W
y V U 7 V j D L z L Q r W
y V 7 V Z j D L z s z L Q 4 r W
y V Z j Y o 9 W
y V q j D L z s z L 4 V r W
y V U 7 V j l o 9 W
y V 7 V Z j Y L z L 4 Q r W
y V Z j l L z s z L 4 l r W
y V Z j Y L z s z L Q 4 r W
y V Z j Y 7 W
y V Z j l 7 W
y q V j Y L z L l 4 r W
y V Z j l L z L l r W
y V 7 V q j Y 1 W
y V 7 q V j Y L z s z L l r W
y V q j a 7 W
y V 7 V U j l L z s z L V 4 r W
y V 7 U V j a L z s z L Q 4 r W
y V U j Y L z L l 4 r W
y V 7 Z V j a L z L 4 l r W
y V U j l L z s z L l 4 r W
y V 7 V Z j Y L z s z L l 4 r W
y U V 7 V j a L z s z L l r W
y Z V 7 V j a L z s z L l 4 r W
y V q j D L z L 4 l r W
y Z V j D L z L 4 l r W
y V 7 V q j l L z L l r W
y U V 7 V j a L z L 4 l r W
y U V 7 V j l 7 W
y V q j Y L z s z L V 4 r W
y V 7 V q j D L z s z L V 4 r W
y V 7 V U j a L z L 4 l r W
y q V j l L z s z L V r W
y Z V j Y L z L 4 V r W
y Z V 7 V j D L z L l 4 r W
y V q 7 V j a L z L 4 V r W
y q V j a L z L V r W
y V 7 V q j l L z s z L Q 4 r W
y U V j D L z s z L 4 l r W
y V q j Y L z L 4 V r W
y q V 7 V j a 7 W
