B i l Z j f C h K D 3 O
B i R k 2 j K D 6 O
B i l k Q j K D 6 O
B i Z j k 2 K D 6 O
B i l f Q j K D 6 O
B i j Z k Q K D 3 O
B i l Z j k C h K D 3 O
B i l j k Q K D 6 O
B i l o C h j K D 3 O
B i l Z j o C h K D 3 O
B i R f 2 j K D 6 O
B i l j o Q K D 3 O
B i Z o 2 j K D 3 O
z 3 O
B i l j k 2 K D 3 O
B i Z k C j h K D 6 O
B i l k j C h K D 3 O
B i R j k C h K D 6 O
B i R j o 2 K D 6 O
B i R j f 2 K D 3 O
B i j l Z k 2 K D 3 O
B i l Z j k Q K D 6 O
B i j l Z o Q K D 6 O
B i R f C j h K D 3 O
B i Z f j Q K D 3 O
B i Z j k R K D 3 O
B i R j o C h K D 6 O
B i R j f C h K D 6 O
B i l Z k Q j K D 6 O
B i R j o R K D 6 O
B i R j f R K D 3 O
B i Z o j Q K D 3 O
B i Z j o 2 K D 3 O
B i l Z o Q j K D 6 O
B i l k C j h K D 6 O
B i Z k j C h K D 3 O
B i j R k Q K D 3 O
B i l Z f Q j K D 6 O
B i Z k j Q K D 3 O
B i l j Z f 2 K D 6 O
B i l o Q j K D 6 O
B i R k j C h K D 6 O
B i l Z o C h j K D 6 O
B i R o 2 j K D 6 O
B i l Z f C h j K D 6 O
B i j l Z f Q K D 3 O
B i R o R j K D 6 O
B i l Z k C j h K D 6 O
B i l Z j k Q K D 3 O
B i R k C h j K D 3 O
B i R j f C h K D 3 O
B i R k R j K D 6 O
B i j R o Q K D 3 O
B i j Z o Q K D 3 O
B i R f j Q K D 3 O
B i l Z k Q j K D 3 O
B i Z k C j h K D 3 O
B i Z o R j K D 3 O
B i Z f C h j K D 6 O
B i l Z o Q j K D 3 O
B i R j k R K D 6 O
B i l k C j h K D 3 O
B i R o C h j K D 6 O
B i l f C h j K D 6 O
B i l j Z f R K D 6 O
B i l Z o j R K D 6 O
B i R j f Q K D 6 O
B i l o Q j K D 3 O
B i Z k R j K D 3 O
B i l Z o C h j K D 3 O
B i j l f R K D 6 O
B i l Z k j R K D 6 O
B i R o 2 j K D 3 O
B i l Z f C j h K D 3 O
B i Z j o Q K D 6 O
B i j R k 2 K D 3 O
B i R o j Q K D 6 O
B i R k j Q K D 6 O
B i Z j o R K D 3 O
B i l Z j k C h K D 6 O
B i R f j 2 K D 3 O
B i R k j R K D 3 O
B i R k 2 j K D 3 O
B i Z j f Q K D 3 O
B i l j k Q K D 3 O
B i l Z j o C h K D 6 O
B i R f R j K D 3 O
B i l k j R K D 6 O
B i l Z j f Q K D 3 O
B i j R f R K D 6 O
B i l o j R K D 6 O
B i l k Q j K D 3 O
B i Z o C h j K D 3 O
B i j l k Q K D 3 O
B i l j o Q K D 6 O
B i l j k 2 K D 6 O
B i l Z k j C h K D 3 O
B i j l Z o 2 K D 3 O
B i l j f Q K D 3 O
V q o 6 O
B i j l Z k R K D 3 O
B i j Z f R K D 6 O
z 6 O
B i R o j R K D 3 O
B i j l Z k Q K D 6 O
B i l f 2 j K D 3 O
B i Z f 2 j K D 3 O
B i l Z f C h j K D 3 O
B i l o 2 j K D 3 O
B i Z j f R K D 3 O
B i l j Z o C h K D 3 O
B i R j o 2 K D 3 O
B i l Z k C h j K D 3 O
B i R f j 2 K D 6 O
B i l k 2 j K D 3 O
B i Z j o R K D 6 O
B i j l Z f 2 K D 3 O
B i R j o Q K D 6 O
B i l j Z k R K D 6 O
B i R f j C h K D 3 O
B i Z o j Q K D 6 O
B i l j Z f C h K D 3 O
B i R k C j h K D 6 O
B i l j Z k Q K D 3 O
B i Z o C h j K D 6 O
B i j Z f 2 K D 6 O
B i Z o j 2 K D 3 O
B i Z k j Q K D 6 O
B i j l Z o 2 K D 6 O
B i j Z k 2 K D 3 O
B i l j Z k C h K D 3 O
B i j l Z f Q K D 6 O
B i Z f 2 j K D 6 O
B i j l Z k Q K D 3 O
B i l k j 2 K D 6 O
B i j l f C h K D 6 O
B i l o j 2 K D 6 O
B i l f j 2 K D 6 O
B i Z j k C h K D 3 O
B i l Z j f R K D 6 O
B i l Z f j Q K D 3 O
B i R o C j h K D 6 O
B i R o C h j K D 3 O
B i j R o C h K D 3 O
B i j R k C h K D 3 O
B i l j k R K D 3 O
B i l j o C h K D 3 O
B i Z j o C h K D 3 O
B i Z j f 2 K D 3 O
B i l j k C h K D 3 O
B i l Z j o 2 K D 3 O
B i Z k C h j K D 6 O
B i Z j f Q K D 6 O
B i j l o 2 K D 3 O
B i R o j Q K D 3 O
B i R k j Q K D 3 O
B i j Z o C h K D 6 O
B i R f R j K D 6 O
B i l Z j f Q K D 6 O
B i R j o R K D 3 O
B i Z o j R K D 3 O
B i Z j o 2 K D 6 O
B i j Z k C h K D 6 O
B i l k C h j K D 6 O
B i l f R j K D 3 O
B i R o C j h K D 3 O
B i l Z j o 2 K D 6 O
B i l Z j f 2 K D 3 O
B i j R k Q K D 6 O
B i Z k j R K D 3 O
B i l j k R K D 6 O
B i l Z f C j h K D 6 O
B i l Z k C h j K D 6 O
B i R k C j h K D 3 O
B i Z f C j h K D 6 O
B i j l Z f R K D 6 O
B i j Z k R K D 3 O
B i j Z k Q K D 6 O
B i l j Z o C h K D 6 O
B i j R f 2 K D 6 O
B i l f Q j K D 3 O
B i l o R j K D 6 O
B i l j Z k R K D 3 O
B i j l o R K D 6 O
B i R f j C h K D 6 O
B i R j k 2 K D 6 O
B i j R k R K D 3 O
B i l o C h j K D 6 O
B i l j Z k Q K D 6 O
B i R f 2 j K D 3 O
B i Z f C h j K D 3 O
B i l Z k j Q K D 6 O
B i l f C h j K D 3 O
B i l f C j h K D 6 O
B i l k R j K D 6 O
B i j l f R K D 3 O
B i l Z o j R K D 3 O
B i l j Z k C h K D 6 O
B i R j f Q K D 3 O
B i l Z o j Q K D 6 O
B i l Z k j R K D 3 O
B i j l f Q K D 6 O
B i l f j R K D 6 O
B i j Z f Q K D 6 O
B i l f j 2 K D 3 O
B i l o j 2 K D 3 O
B i j R f 2 K D 3 O
B i l Z o j C h K D 3 O
B i j R f Q K D 6 O
B i j l o R K D 3 O
B i l Z f j Q K D 6 O
B i j R k R K D 6 O
B i l k j 2 K D 3 O
B i Z o C j h K D 3 O
B i l o j Q K D 6 O
B i l Z j f R K D 3 O
B i l f j Q K D 6 O
B i l j f R K D 3 O
B i l j o R K D 6 O
B i j Z o 2 K D 6 O
B i l k j Q K D 6 O
B i Z f j 2 K D 6 O
B i l j f 2 K D 6 O
B i l Z f j 2 K D 3 O
B i j Z k R K D 6 O
B i l Z o C j h K D 6 O
B i j l o 2 K D 6 O
B i l Z o j 2 K D 3 O
B i l o 2 j K D 6 O
B i Z j f R K D 6 O
B i j l f 2 K D 3 O
B i j Z o C h K D 3 O
B i l Z k j 2 K D 3 O
B i R f Q j K D 6 O
B i Z k C h j K D 3 O
B i j R o R K D 3 O
B i j Z o R K D 3 O
B i j Z k C h K D 3 O
B i j l Z f 2 K D 6 O
B i l o C j h K D 3 O
B i l k 2 j K D 6 O
B i l Z f j C h K D 6 O
B i l j Z f Q K D 3 O
B i l k C h j K D 3 O
B i R o Q j K D 6 O
B i R j k Q K D 6 O
B i l Z f 2 j K D 6 O
B i l j Z k 2 K D 3 O
B i j l k R K D 6 O
B i j Z f C h K D 6 O
B i Z k j 2 K D 6 O
B i l j Z o Q K D 3 O
B i l Z o 2 j K D 6 O
B i l Z j o R K D 6 O
B i Z o j 2 K D 6 O
B i R k Q j K D 6 O
B i l Z k 2 j K D 6 O
B i Z j k C h K D 6 O
B i j l f C h K D 3 O
B i j l Z f R K D 3 O
B i R f C h j K D 3 O
B i Z j k Q K D 3 O
B i j Z k 2 K D 6 O
B i R f Q j K D 3 O
B i Z k Q j K D 3 O
B i l o R j K D 3 O
B i j l o Q K D 6 O
B i l o C j h K D 6 O
B i R f j R K D 6 O
B i j l Z o R K D 6 O
B i R j k 2 K D 3 O
B i Z f C j h K D 3 O
B i l f C j h K D 3 O
B i j R o C h K D 6 O
B i l Z k j Q K D 3 O
B i l j Z k 2 K D 6 O
B i j Z f C h K D 3 O
B i l Z j o R K D 3 O
B i l j Z o Q K D 6 O
B i j l Z k C h K D 3 O
B i l j o C h K D 6 O
B i Z o Q j K D 3 O
B i Z j f 2 K D 6 O
B i l k R j K D 3 O
B i Z j o C h K D 6 O
B i j l Z o C h K D 3 O
B i l j k C h K D 6 O
B i j R k C h K D 6 O
B i l f j R K D 3 O
B i l Z o j Q K D 3 O
B i Z f j R K D 3 O
B i j l f Q K D 3 O
B i R o j C h K D 6 O
B i Z f R j K D 6 O
B i R j o Q K D 3 O
B i Z k j R K D 6 O
B i j l k 2 K D 6 O
B i Z k j 2 K D 3 O
B i Z o C j h K D 6 O
B i Z o j R K D 6 O
B i l Z f R j K D 6 O
B i l Z k R j K D 3 O
B i l Z f j R K D 3 O
B i l j Z f C h K D 6 O
B i l f R j K D 6 O
B i l j o R K D 3 O
B i l Z j f 2 K D 6 O
B i j Z f 2 K D 3 O
B i j R o 2 K D 6 O
B i l Z o R j K D 3 O
B i l o j C h K D 3 O
B i Z o j C h K D 3 O
B i j l f 2 K D 6 O
B i l k j C h K D 6 O
B i Z j o Q K D 3 O
B i Z f j Q K D 6 O
B i l f j C h K D 6 O
B i j l k 2 K D 3 O
B i R f C j h K D 6 O
B i l Z k j 2 K D 6 O
B i R j f R K D 6 O
B i l j Z f Q K D 6 O
B i l Z o j 2 K D 6 O
B i l Z f 2 j K D 3 O
B i Z f Q j K D 6 O
B i R k j C h K D 3 O
B i l j Z o R K D 3 O
B i l j Z o 2 K D 6 O
B i Z k j C h K D 6 O
B i l Z j o Q K D 6 O
B i l Z j k 2 K D 6 O
B i l Z o 2 j K D 3 O
B i l j Z f 2 K D 3 O
B i j l Z k R K D 6 O
B i l Z k 2 j K D 3 O
B i Z f j C h K D 6 O
B i j l k Q K D 6 O
B i j l Z o R K D 3 O
B i Z j f C h K D 3 O
B i l Z k C j h K D 3 O
B i j R f Q K D 3 O
B i j Z f Q K D 3 O
B i j R o Q K D 6 O
B i j Z o Q K D 6 O
B i Z j k Q K D 6 O
B i j l o Q K D 3 O
B i l j o 2 K D 3 O
B i j R f C h K D 3 O
B i Z k 2 j K D 6 O
B i Z k Q j K D 6 O
B i R k C h j K D 6 O
B i l Z j k R K D 3 O
B i l o j Q K D 3 O
B i l Z o j C h K D 6 O
B i j l k C h K D 6 O
B i l j f C h K D 3 O
B i j l Z f C h K D 6 O
B i l f j Q K D 3 O
B i l j f R K D 6 O
B i Z o 2 j K D 6 O
B i R o j 2 K D 6 O
B i R j k R K D 3 O
B i j l o C h K D 3 O
B i l k j Q K D 3 O
B i R k j 2 K D 6 O
B i l Z f j 2 K D 6 O
B i j l Z o C h K D 6 O
B i j l Z k C h K D 6 O
B i l j f 2 K D 3 O
B i Z o Q j K D 6 O
B i R k j R K D 6 O
B i j l Z k 2 K D 6 O
B i R o j C h K D 3 O
B i Z j f C h K D 6 O
B i j l Z o Q K D 3 O
B i Z f R j K D 3 O
B i R j f 2 K D 6 O
B i j R o R K D 6 O
B i j Z o R K D 6 O
B i j R k 2 K D 6 O
B i R j o C h K D 3 O
B i l k j R K D 3 O
B i j R f C h K D 6 O
B i l j o 2 K D 6 O
B i j R f R K D 3 O
B i j l k C h K D 3 O
B i l Z j k R K D 6 O
B i l o j R K D 3 O
B i R j k C h K D 3 O
B i l Z f R j K D 3 O
B i j l Z f C h K D 3 O
B i l Z k j C h K D 6 O
B i R o Q j K D 3 O
B i R j k Q K D 3 O
B i l Z f j C h K D 3 O
B i l Z o R j K D 6 O
B i l Z k R j K D 6 O
B i l Z f j R K D 6 O
B i l j f C h K D 6 O
B i l j f Q K D 6 O
B i R o j 2 K D 3 O
B i j l o C h K D 6 O
V q o 3 O
B i j R o 2 K D 3 O
B i Z j k R K D 6 O
B i l Z f Q j K D 3 O
B i l o j C h K D 6 O
B i l f 2 j K D 6 O
B i R o j R K D 6 O
B i Z o j C h K D 6 O
B i R k Q j K D 3 O
B i Z j k 2 K D 3 O
B i j Z f R K D 3 O
B i j l k R K D 3 O
B i R k j 2 K D 3 O
B i l f j C h K D 3 O
B i R o R j K D 3 O
B i R k R j K D 3 O
B i R f C h j K D 6 O
B i Z k R j K D 6 O
B i R f j Q K D 6 O
B i R f j R K D 3 O
B i Z o R j K D 6 O
B i j Z o 2 K D 3 O
B i l j Z f R K D 3 O
B i l Z j k 2 K D 3 O
B i Z k 2 j K D 3 O
B i l Z j o Q K D 3 O
B i Z f Q j K D 3 O
B i Z f j 2 K D 3 O
B i l j Z o 2 K D 3 O
B i l Z o C j h K D 3 O
B i l j Z o R K D 6 O
B i l Z j f C h K D 6 O
B i Z f j C h K D 3 O
B i Z f j R K D 6 O
